<?xml version="1.0" encoding="UTF-8"?>
<!-- Generated by org.testng.reporters.JUnitXMLReporter -->
<testsuite ignored="0" hostname="LAPTOP-EQ8KEMK0" failures="0" tests="5" name="Default test" time="99.526" errors="0" timestamp="2021-05-24T11:43:19 IST">
  <testcase classname="com.policybazaar.testcases.DisplayThreeLowestTravelPlans" name="displayThreeLowestTravelInsurancePlans" time="26.909"/>
  <testcase classname="com.policybazaar.testcases.DisplayThreeLowestTravelPlans" name="displayThreeLowestTravelInsurancePlans" time="25.382"/>
  <testcase classname="com.policybazaar.testcases.DisplayThreeLowestTravelPlans" name="displayThreeLowestTravelInsurancePlans" time="24.671"/>
  <testcase classname="com.policybazaar.testcases.DisplayThreeLowestTravelPlans" name="validateHomePage" time="7.716"/>
  <testcase classname="com.policybazaar.testcases.DisplayThreeLowestTravelPlans" name="clickTravelInsurance" time="10.516"/>
</testsuite> <!-- Default test -->
