<?xml version="1.0" encoding="UTF-8"?>
<!-- Generated by org.testng.reporters.JUnitXMLReporter -->
<testsuite ignored="2" hostname="LAPTOP-EQ8KEMK0" failures="0" tests="3" name="Test" time="33.516" errors="0" timestamp="2021-05-24T11:39:14 IST">
  <testcase classname="com.policybazaar.testcases.DisplayThreeLowestTravelPlans" name="validateHomePage" time="9.527"/>
  <testcase classname="com.policybazaar.testcases.DisplayThreeLowestTravelPlans" name="clickTravelInsurance" time="11.631"/>
  <testcase classname="com.policybazaar.testcases.GetErrorInCarInsuranceForm" name="clickCarInsurance" time="12.251"/>
  <testcase classname="com.policybazaar.testcases.DisplayThreeLowestTravelPlans" name="displayThreeLowestTravelInsurancePlans" time="0.0">
    <ignored/>
  </testcase> <!-- displayThreeLowestTravelInsurancePlans -->
  <testcase classname="com.policybazaar.testcases.GetErrorInCarInsuranceForm" name="getErrorForInvalidDetails" time="0.0">
    <ignored/>
  </testcase> <!-- getErrorForInvalidDetails -->
</testsuite> <!-- Test -->
