<?xml version="1.0" encoding="UTF-8"?>
<testsuite xmlns:xsi="http://www.w3.org/2001/XMLSchema-instance" xsi:noNamespaceSchemaLocation="https://maven.apache.org/surefire/maven-surefire-plugin/xsd/surefire-test-report.xsd" name="TestSuite" time="123.566" tests="7" errors="0" skipped="0" failures="0">
  <properties>
[...]
</properties>
  <testcase name="displayThreeLowestTravelInsurancePlans" classname="com.policybazaar.testcases.DisplayThreeLowestTravelPlans" time="22.473"/>
  <testcase name="displayThreeLowestTravelInsurancePlans" classname="com.policybazaar.testcases.DisplayThreeLowestTravelPlans" time="21.46"/>
  <testcase name="displayThreeLowestTravelInsurancePlans" classname="com.policybazaar.testcases.DisplayThreeLowestTravelPlans" time="21.285"/>
  <testcase name="getErrorForInvalidDetails" classname="com.policybazaar.testcases.GetErrorInCarInsuranceForm" time="14.381"/>
  <testcase name="getErrorForInvalidDetails" classname="com.policybazaar.testcases.GetErrorInCarInsuranceForm" time="18.474"/>
  <testcase name="getErrorForInvalidDetails" classname="com.policybazaar.testcases.GetErrorInCarInsuranceForm" time="18.334"/>
  <testcase name="getInsuranceNameList" classname="com.policybazaar.testcases.GetHealthInsuranceNameList" time="5.16"/>
</testsuite>