<?xml version="1.0" encoding="UTF-8"?>
<!-- Generated by org.testng.reporters.JUnitXMLReporter -->
<testsuite hostname="LAPTOP-EQ8KEMK0" ignored="0" name="Test" tests="7" failures="0" timestamp="2021-05-23T17:04:56 IST" time="122.842" errors="0">
  <testcase name="displayThreeLowestTravelInsurancePlans" time="22.47" classname="com.policybazaar.testcases.DisplayThreeLowestTravelPlans"/>
  <testcase name="displayThreeLowestTravelInsurancePlans" time="21.461" classname="com.policybazaar.testcases.DisplayThreeLowestTravelPlans"/>
  <testcase name="displayThreeLowestTravelInsurancePlans" time="21.284" classname="com.policybazaar.testcases.DisplayThreeLowestTravelPlans"/>
  <testcase name="getErrorForInvalidDetails" time="14.381" classname="com.policybazaar.testcases.GetErrorInCarInsuranceForm"/>
  <testcase name="getErrorForInvalidDetails" time="18.473" classname="com.policybazaar.testcases.GetErrorInCarInsuranceForm"/>
  <testcase name="getErrorForInvalidDetails" time="18.333" classname="com.policybazaar.testcases.GetErrorInCarInsuranceForm"/>
  <testcase name="getInsuranceNameList" time="5.16" classname="com.policybazaar.testcases.GetHealthInsuranceNameList"/>
</testsuite> <!-- Test -->
