<?xml version="1.0" encoding="UTF-8"?>
<!-- Generated by org.testng.reporters.JUnitXMLReporter -->
<testsuite ignored="3" hostname="LAPTOP-EQ8KEMK0" failures="0" tests="7" name="Test" time="113.225" errors="0" timestamp="2021-05-24T11:05:37 IST">
  <testcase classname="com.policybazaar.testcases.DisplayThreeLowestTravelPlans" name="displayThreeLowestTravelInsurancePlans" time="19.335"/>
  <testcase classname="com.policybazaar.testcases.DisplayThreeLowestTravelPlans" name="displayThreeLowestTravelInsurancePlans" time="17.88"/>
  <testcase classname="com.policybazaar.testcases.DisplayThreeLowestTravelPlans" name="displayThreeLowestTravelInsurancePlans" time="18.419"/>
  <testcase classname="com.policybazaar.testcases.GetErrorInCarInsuranceForm" name="getErrorForInvalidDetails" time="16.796"/>
  <testcase classname="com.policybazaar.testcases.GetErrorInCarInsuranceForm" name="getErrorForInvalidDetails" time="17.005"/>
  <testcase classname="com.policybazaar.testcases.GetErrorInCarInsuranceForm" name="getErrorForInvalidDetails" time="15.83"/>
  <testcase classname="com.policybazaar.testcases.GetHealthInsuranceNameList" name="getInsuranceNameList" time="6.647"/>
  <testcase classname="com.policybazaar.testcases.DisplayThreeLowestTravelPlans" name="clickTravelInsurance" time="0.0">
    <ignored/>
  </testcase> <!-- clickTravelInsurance -->
  <testcase classname="com.policybazaar.testcases.DisplayThreeLowestTravelPlans" name="validateHomePage" time="0.0">
    <ignored/>
  </testcase> <!-- validateHomePage -->
  <testcase classname="com.policybazaar.testcases.GetErrorInCarInsuranceForm" name="clickCarInsurance" time="0.0">
    <ignored/>
  </testcase> <!-- clickCarInsurance -->
</testsuite> <!-- Test -->
